<?xml version="1.0" encoding="UTF-8"?>
<testsuite name="ohtuesimerkki.StatisticsTest" tests="11" skipped="0" failures="0" errors="0" timestamp="2017-03-25T09:01:28" hostname="fuxi16" time="0.01">
  <properties/>
  <testcase name="testTeamNotFound" classname="ohtuesimerkki.StatisticsTest" time="0.005"/>
  <testcase name="testSearchNotFound" classname="ohtuesimerkki.StatisticsTest" time="0.001"/>
  <testcase name="testSearchFound" classname="ohtuesimerkki.StatisticsTest" time="0.0"/>
  <testcase name="testTopScorersFour" classname="ohtuesimerkki.StatisticsTest" time="0.0"/>
  <testcase name="testTopScorersZero" classname="ohtuesimerkki.StatisticsTest" time="0.0"/>
  <testcase name="testTeamWithoutPlayers" classname="ohtuesimerkki.StatisticsTest" time="0.0"/>
  <testcase name="testTopScorersSix" classname="ohtuesimerkki.StatisticsTest" time="0.0"/>
  <testcase name="testTopScorersTwo" classname="ohtuesimerkki.StatisticsTest" time="0.0"/>
  <testcase name="testTeamWithPlayers" classname="ohtuesimerkki.StatisticsTest" time="0.0"/>
  <testcase name="testTopScorersSeven" classname="ohtuesimerkki.StatisticsTest" time="0.001"/>
  <testcase name="testTopScorersMinusOne" classname="ohtuesimerkki.StatisticsTest" time="0.0"/>
  <system-out><![CDATA[]]></system-out>
  <system-err><![CDATA[]]></system-err>
</testsuite>
